c:\users\i.shushou\documents\dx21\kurumamaster\debug\bulleteffect.obj
c:\users\i.shushou\documents\dx21\kurumamaster\debug\bulletenemy02.obj
c:\users\i.shushou\documents\dx21\kurumamaster\debug\debug_hitcheck.obj
c:\users\i.shushou\documents\dx21\kurumamaster\debug\enemy01.obj
c:\users\i.shushou\documents\dx21\kurumamaster\debug\enemy02.obj
c:\users\i.shushou\documents\dx21\kurumamaster\debug\enemyrobot.obj
c:\users\i.shushou\documents\dx21\kurumamaster\debug\fade.obj
c:\users\i.shushou\documents\dx21\kurumamaster\debug\gameover.obj
c:\users\i.shushou\documents\dx21\kurumamaster\debug\input.obj
c:\users\i.shushou\documents\dx21\kurumamaster\debug\main.obj
c:\users\i.shushou\documents\dx21\kurumamaster\debug\partical.obj
c:\users\i.shushou\documents\dx21\kurumamaster\debug\particalcenter.obj
c:\users\i.shushou\documents\dx21\kurumamaster\debug\particaleffect.obj
c:\users\i.shushou\documents\dx21\kurumamaster\debug\player.obj
c:\users\i.shushou\documents\dx21\kurumamaster\debug\result.obj
c:\users\i.shushou\documents\dx21\kurumamaster\debug\score.obj
c:\users\i.shushou\documents\dx21\kurumamaster\debug\sound.obj
c:\users\i.shushou\documents\dx21\kurumamaster\debug\stage01.obj
c:\users\i.shushou\documents\dx21\kurumamaster\debug\title.obj
c:\users\i.shushou\documents\dx21\kurumamaster\debug\tutorial.obj
c:\users\i.shushou\documents\dx21\kurumamaster\debug\bgpolygon.obj
c:\users\i.shushou\documents\dx21\kurumamaster\debug\bullet.obj
c:\users\i.shushou\documents\dx21\kurumamaster\debug\vc100.pdb
c:\users\i.shushou\documents\dx21\kurumamaster\runningman01_debug.ilk
c:\users\i.shushou\documents\dx21\kurumamaster\runningman01_debug.exe
c:\users\i.shushou\documents\dx21\kurumamaster\debug\runningman01_debug.exe.intermediate.manifest
c:\users\i.shushou\documents\dx21\kurumamaster\runningman01_debug.pdb
c:\users\i.shushou\documents\dx21\kurumamaster\debug\runningman01_debug.exe.embed.manifest
c:\users\i.shushou\documents\dx21\kurumamaster\debug\runningman01_debug.exe.embed.manifest.res
c:\users\weiqi\documents\secondyearworks\kuruma\project\debug\vc140.pdb
c:\users\weiqi\documents\secondyearworks\kuruma\project\debug\vc140.idb
c:\users\weiqi\documents\secondyearworks\kuruma\project\debug\bgpolygon.obj
c:\users\weiqi\documents\secondyearworks\kuruma\project\debug\bullet.obj
c:\users\weiqi\documents\secondyearworks\kuruma\project\debug\bulleteffect.obj
c:\users\weiqi\documents\secondyearworks\kuruma\project\debug\bulletenemy02.obj
c:\users\weiqi\documents\secondyearworks\kuruma\project\debug\debug_hitcheck.obj
c:\users\weiqi\documents\secondyearworks\kuruma\project\debug\fade.obj
c:\users\weiqi\documents\secondyearworks\kuruma\project\debug\gameover.obj
c:\users\weiqi\documents\secondyearworks\kuruma\project\debug\input.obj
c:\users\weiqi\documents\secondyearworks\kuruma\project\debug\result.obj
c:\users\weiqi\documents\secondyearworks\kuruma\project\debug\score.obj
c:\users\weiqi\documents\secondyearworks\kuruma\project\debug\sound.obj
c:\users\weiqi\documents\secondyearworks\kuruma\project\debug\stage01.obj
c:\users\weiqi\documents\secondyearworks\kuruma\project\debug\title.obj
c:\users\weiqi\documents\secondyearworks\kuruma\project\debug\tutorial.obj
c:\users\weiqi\documents\secondyearworks\kuruma\project\debug\enemy02.obj
c:\users\weiqi\documents\secondyearworks\kuruma\project\debug\enemyrobot.obj
c:\users\weiqi\documents\secondyearworks\kuruma\project\debug\player.obj
c:\users\weiqi\documents\secondyearworks\kuruma\project\debug\enemy01.obj
c:\users\weiqi\documents\secondyearworks\kuruma\project\debug\main.obj
c:\users\weiqi\documents\secondyearworks\kuruma\project\debug\partical.obj
c:\users\weiqi\documents\secondyearworks\kuruma\project\debug\particalcenter.obj
c:\users\weiqi\documents\secondyearworks\kuruma\project\debug\particaleffect.obj
c:\users\weiqi\documents\secondyearworks\kuruma\project\debug\cl.command.1.tlog
c:\users\weiqi\documents\secondyearworks\kuruma\project\debug\cl.read.1.tlog
c:\users\weiqi\documents\secondyearworks\kuruma\project\debug\cl.write.1.tlog
c:\users\weiqi\documents\secondyearworks\kuruma\project\debug\link-cvtres.read.1.tlog
c:\users\weiqi\documents\secondyearworks\kuruma\project\debug\link-cvtres.write.1.tlog
c:\users\weiqi\documents\secondyearworks\kuruma\project\debug\link.5788-cvtres.read.1.tlog
c:\users\weiqi\documents\secondyearworks\kuruma\project\debug\link.5788-cvtres.write.1.tlog
c:\users\weiqi\documents\secondyearworks\kuruma\project\debug\link.5788.read.1.tlog
c:\users\weiqi\documents\secondyearworks\kuruma\project\debug\link.5788.write.1.tlog
c:\users\weiqi\documents\secondyearworks\kuruma\project\debug\link.command.1.tlog
c:\users\weiqi\documents\secondyearworks\kuruma\project\debug\link.read.1.tlog
c:\users\weiqi\documents\secondyearworks\kuruma\project\debug\link.write.1.tlog
c:\users\weiqi\documents\secondyearworks\kuruma\project\debug\mt.command.1.tlog
c:\users\weiqi\documents\secondyearworks\kuruma\project\debug\mt.read.1.tlog
c:\users\weiqi\documents\secondyearworks\kuruma\project\debug\mt.write.1.tlog
c:\users\weiqi\documents\secondyearworks\kuruma\project\debug\rc.command.1.tlog
c:\users\weiqi\documents\secondyearworks\kuruma\project\debug\rc.read.1.tlog
c:\users\weiqi\documents\secondyearworks\kuruma\project\debug\rc.write.1.tlog
c:\users\weiqi\documents\secondyearworks\kuruma\project\debug\runningman01_debug.exe.embed.manifest
c:\users\weiqi\documents\secondyearworks\kuruma\project\debug\runningman01_debug.exe.intermediate.manifest
c:\users\weiqi\documents\secondyearworks\kuruma\project\debug\runningman01_debug.exe.embed.manifest.res
c:\users\weiqi\documents\secondyearworks\kuruma\project\debug\vc100.idb
c:\users\weiqi\documents\secondyearworks\kuruma\project\debug\vc100.pdb
c:\users\weiqi\documents\secondyearworks\kuruma\project\debug\runningman01_debug_manifest.rc
c:\users\weiqi\documents\secondyearworks\kuruma\project\\runningman01_debug.pdb
c:\users\weiqi\documents\secondyearworks\kuruma\project\\runningman01_debug.exe
c:\users\weiqi\documents\secondyearworks\kuruma\project\\runningman01_debug.ilk
c:\users\weiqi\documents\secondyearworks\kuruma\project\debug\runningman01.tlog\cl.command.1.tlog
c:\users\weiqi\documents\secondyearworks\kuruma\project\debug\runningman01.tlog\cl.read.1.tlog
c:\users\weiqi\documents\secondyearworks\kuruma\project\debug\runningman01.tlog\cl.write.1.tlog
