c:\users\i.shushou\documents\dx21\kurumamaster\release\stage01.obj
c:\users\i.shushou\documents\dx21\kurumamaster\release\sound.obj
c:\users\i.shushou\documents\dx21\kurumamaster\release\score.obj
c:\users\i.shushou\documents\dx21\kurumamaster\release\result.obj
c:\users\i.shushou\documents\dx21\kurumamaster\release\player.obj
c:\users\i.shushou\documents\dx21\kurumamaster\release\particaleffect.obj
c:\users\i.shushou\documents\dx21\kurumamaster\release\particalcenter.obj
c:\users\i.shushou\documents\dx21\kurumamaster\release\partical.obj
c:\users\i.shushou\documents\dx21\kurumamaster\release\main.obj
c:\users\i.shushou\documents\dx21\kurumamaster\release\input.obj
c:\users\i.shushou\documents\dx21\kurumamaster\release\gameover.obj
c:\users\i.shushou\documents\dx21\kurumamaster\release\fade.obj
c:\users\i.shushou\documents\dx21\kurumamaster\release\enemyrobot.obj
c:\users\i.shushou\documents\dx21\kurumamaster\release\enemy02.obj
c:\users\i.shushou\documents\dx21\kurumamaster\release\enemy01.obj
c:\users\i.shushou\documents\dx21\kurumamaster\release\debug_hitcheck.obj
c:\users\i.shushou\documents\dx21\kurumamaster\release\bulletenemy02.obj
c:\users\i.shushou\documents\dx21\kurumamaster\release\bulleteffect.obj
c:\users\i.shushou\documents\dx21\kurumamaster\release\bullet.obj
c:\users\i.shushou\documents\dx21\kurumamaster\release\bgpolygon.obj
c:\users\i.shushou\documents\dx21\kurumamaster\release\tutorial.obj
c:\users\i.shushou\documents\dx21\kurumamaster\release\title.obj
c:\users\i.shushou\documents\dx21\kurumamaster\release\vc100.pdb
c:\users\i.shushou\documents\dx21\kurumamaster\runningman01_release.exe
c:\users\i.shushou\documents\dx21\kurumamaster\release\runningman01_release.exe.intermediate.manifest
c:\users\i.shushou\documents\dx21\kurumamaster\runningman01_release.pdb
c:\users\weiqi\documents\secondyearworks\kuruma\project\release\vc140.pdb
c:\users\weiqi\documents\secondyearworks\kuruma\project\release\stage01.obj
c:\users\weiqi\documents\secondyearworks\kuruma\project\release\sound.obj
c:\users\weiqi\documents\secondyearworks\kuruma\project\release\score.obj
c:\users\weiqi\documents\secondyearworks\kuruma\project\release\result.obj
c:\users\weiqi\documents\secondyearworks\kuruma\project\release\player.obj
c:\users\weiqi\documents\secondyearworks\kuruma\project\release\particaleffect.obj
c:\users\weiqi\documents\secondyearworks\kuruma\project\release\particalcenter.obj
c:\users\weiqi\documents\secondyearworks\kuruma\project\release\partical.obj
c:\users\weiqi\documents\secondyearworks\kuruma\project\release\main.obj
c:\users\weiqi\documents\secondyearworks\kuruma\project\release\input.obj
c:\users\weiqi\documents\secondyearworks\kuruma\project\release\gameover.obj
c:\users\weiqi\documents\secondyearworks\kuruma\project\release\fade.obj
c:\users\weiqi\documents\secondyearworks\kuruma\project\release\enemyrobot.obj
c:\users\weiqi\documents\secondyearworks\kuruma\project\release\enemy02.obj
c:\users\weiqi\documents\secondyearworks\kuruma\project\release\enemy01.obj
c:\users\weiqi\documents\secondyearworks\kuruma\project\release\debug_hitcheck.obj
c:\users\weiqi\documents\secondyearworks\kuruma\project\release\bulletenemy02.obj
c:\users\weiqi\documents\secondyearworks\kuruma\project\release\bulleteffect.obj
c:\users\weiqi\documents\secondyearworks\kuruma\project\release\bullet.obj
c:\users\weiqi\documents\secondyearworks\kuruma\project\release\bgpolygon.obj
c:\users\weiqi\documents\secondyearworks\kuruma\project\release\tutorial.obj
c:\users\weiqi\documents\secondyearworks\kuruma\project\release\title.obj
c:\users\weiqi\documents\secondyearworks\kuruma\project\release\cl.command.1.tlog
c:\users\weiqi\documents\secondyearworks\kuruma\project\release\cl.read.1.tlog
c:\users\weiqi\documents\secondyearworks\kuruma\project\release\cl.write.1.tlog
c:\users\weiqi\documents\secondyearworks\kuruma\project\release\link.command.1.tlog
c:\users\weiqi\documents\secondyearworks\kuruma\project\release\link.read.1.tlog
c:\users\weiqi\documents\secondyearworks\kuruma\project\release\link.write.1.tlog
c:\users\weiqi\documents\secondyearworks\kuruma\project\release\mt.command.1.tlog
c:\users\weiqi\documents\secondyearworks\kuruma\project\release\mt.read.1.tlog
c:\users\weiqi\documents\secondyearworks\kuruma\project\release\mt.write.1.tlog
c:\users\weiqi\documents\secondyearworks\kuruma\project\release\runningman01_release.exe.intermediate.manifest
c:\users\weiqi\documents\secondyearworks\kuruma\project\release\vc100.pdb
c:\users\weiqi\documents\secondyearworks\kuruma\project\\runningman01_release.pdb
c:\users\weiqi\documents\secondyearworks\kuruma\project\release\runningman01.tlog\cl.command.1.tlog
c:\users\weiqi\documents\secondyearworks\kuruma\project\release\runningman01.tlog\cl.read.1.tlog
c:\users\weiqi\documents\secondyearworks\kuruma\project\release\runningman01.tlog\cl.write.1.tlog
c:\users\weiqi\documents\secondyearworks\kuruma\project\release\runningman01.tlog\link-cvtres.read.1.tlog
c:\users\weiqi\documents\secondyearworks\kuruma\project\release\runningman01.tlog\link-cvtres.write.1.tlog
c:\users\weiqi\documents\secondyearworks\kuruma\project\release\runningman01.tlog\link-rc.read.1.tlog
c:\users\weiqi\documents\secondyearworks\kuruma\project\release\runningman01.tlog\link-rc.write.1.tlog
c:\users\weiqi\documents\secondyearworks\kuruma\project\release\runningman01.tlog\link.command.1.tlog
c:\users\weiqi\documents\secondyearworks\kuruma\project\release\runningman01.tlog\link.read.1.tlog
c:\users\weiqi\documents\secondyearworks\kuruma\project\release\runningman01.tlog\link.write.1.tlog
