  BGpolygon.cpp
  bullet.cpp
SourceFile\bullet.cpp(159): warning C4244: '引数': 'float' から 'int' への変換です。データが失われる可能性があります。
SourceFile\bullet.cpp(274): warning C4244: '引数': 'double' から 'FLOAT' への変換です。データが失われる可能性があります。
SourceFile\bullet.cpp(275): warning C4244: '引数': 'double' から 'FLOAT' への変換です。データが失われる可能性があります。
SourceFile\bullet.cpp(276): warning C4244: '引数': 'double' から 'FLOAT' への変換です。データが失われる可能性があります。
SourceFile\bullet.cpp(277): warning C4244: '引数': 'double' から 'FLOAT' への変換です。データが失われる可能性があります。
  bulletEffect.cpp
SourceFile\bulletEffect.cpp(62): warning C4244: '=': 'float' から 'int' への変換です。データが失われる可能性があります。
SourceFile\bulletEffect.cpp(66): warning C4244: '=': 'int' から 'float' への変換です。データが失われる可能性があります。
SourceFile\bulletEffect.cpp(102): warning C4244: '-=': 'float' から 'int' への変換です。データが失われる可能性があります。
SourceFile\bulletEffect.cpp(239): warning C4244: '=': 'int' から 'float' への変換です。データが失われる可能性があります。
SourceFile\bulletEffect.cpp(276): warning C4244: '引数': 'double' から 'FLOAT' への変換です。データが失われる可能性があります。
SourceFile\bulletEffect.cpp(277): warning C4244: '引数': 'double' から 'FLOAT' への変換です。データが失われる可能性があります。
SourceFile\bulletEffect.cpp(278): warning C4244: '引数': 'double' から 'FLOAT' への変換です。データが失われる可能性があります。
SourceFile\bulletEffect.cpp(279): warning C4244: '引数': 'double' から 'FLOAT' への変換です。データが失われる可能性があります。
  bulletEnemy02.cpp
  debug_hitcheck.cpp
  enemy01.cpp
SourceFile\enemy01.cpp(82): warning C4305: '=': 'double' から 'float' へ切り詰めます。
SourceFile\enemy01.cpp(98): warning C4244: '引数': 'double' から 'FLOAT' への変換です。データが失われる可能性があります。
SourceFile\enemy01.cpp(99): warning C4244: '引数': 'double' から 'FLOAT' への変換です。データが失われる可能性があります。
SourceFile\enemy01.cpp(100): warning C4244: '引数': 'double' から 'FLOAT' への変換です。データが失われる可能性があります。
SourceFile\enemy01.cpp(148): warning C4244: '引数': 'double' から 'float' への変換です。データが失われる可能性があります。
SourceFile\enemy01.cpp(193): warning C4244: '引数': 'double' から 'float' への変換です。データが失われる可能性があります。
SourceFile\enemy01.cpp(266): warning C4244: '引数': 'double' から 'float' への変換です。データが失われる可能性があります。
SourceFile\enemy01.cpp(341): warning C4244: '初期化中': 'double' から 'float' への変換です。データが失われる可能性があります。
SourceFile\enemy01.cpp(342): warning C4244: '初期化中': 'double' から 'float' への変換です。データが失われる可能性があります。
SourceFile\enemy01.cpp(343): warning C4244: '初期化中': 'double' から 'float' への変換です。データが失われる可能性があります。
SourceFile\enemy01.cpp(344): warning C4244: '初期化中': 'double' から 'float' への変換です。データが失われる可能性があります。
SourceFile\enemy01.cpp(366): warning C4244: '引数': 'double' から 'float' への変換です。データが失われる可能性があります。
SourceFile\enemy01.cpp(395): warning C4244: '引数': 'double' から 'FLOAT' への変換です。データが失われる可能性があります。
SourceFile\enemy01.cpp(396): warning C4244: '引数': 'double' から 'FLOAT' への変換です。データが失われる可能性があります。
SourceFile\enemy01.cpp(397): warning C4244: '引数': 'double' から 'FLOAT' への変換です。データが失われる可能性があります。
SourceFile\enemy01.cpp(569): warning C4244: '=': 'double' から 'float' への変換です。データが失われる可能性があります。
SourceFile\enemy01.cpp(570): warning C4244: '=': 'double' から 'float' への変換です。データが失われる可能性があります。
SourceFile\enemy01.cpp(577): warning C4244: '=': 'double' から 'float' への変換です。データが失われる可能性があります。
SourceFile\enemy01.cpp(582): warning C4244: '=': 'double' から 'float' への変換です。データが失われる可能性があります。
  enemy02.cpp
SourceFile\enemy02.cpp(72): warning C4305: '=': 'double' から 'float' へ切り詰めます。
SourceFile\enemy02.cpp(138): warning C4244: '引数': 'double' から 'float' への変換です。データが失われる可能性があります。
SourceFile\enemy02.cpp(375): warning C4244: '引数': 'double' から 'float' への変換です。データが失われる可能性があります。
SourceFile\enemy02.cpp(677): warning C4244: '=': 'double' から 'float' への変換です。データが失われる可能性があります。
SourceFile\enemy02.cpp(682): warning C4244: '=': 'double' から 'FLOAT' への変換です。データが失われる可能性があります。
SourceFile\enemy02.cpp(688): warning C4244: '=': 'double' から 'FLOAT' への変換です。データが失われる可能性があります。
SourceFile\enemy02.cpp(691): warning C4244: '=': 'double' から 'FLOAT' への変換です。データが失われる可能性があります。
  enemyrobot.cpp
SourceFile\enemyrobot.cpp(87): warning C4305: '=': 'double' から 'float' へ切り詰めます。
SourceFile\enemyrobot.cpp(216): warning C4244: '引数': 'double' から 'float' への変換です。データが失われる可能性があります。
SourceFile\enemyrobot.cpp(371): warning C4244: '引数': 'double' から 'float' への変換です。データが失われる可能性があります。
SourceFile\enemyrobot.cpp(502): warning C4244: '=': 'double' から 'float' への変換です。データが失われる可能性があります。
SourceFile\enemyrobot.cpp(509): warning C4244: '=': 'double' から 'float' への変換です。データが失われる可能性があります。
SourceFile\enemyrobot.cpp(552): warning C4244: '引数': 'double' から 'float' への変換です。データが失われる可能性があります。
  fade.cpp
SourceFile\fade.cpp(77): warning C4244: '=': 'float' から 'int' への変換です。データが失われる可能性があります。
  gameover.cpp
  input.cpp
  main.cpp
  partical.cpp
SourceFile\partical.cpp(69): warning C4244: '=': 'int' から 'float' への変換です。データが失われる可能性があります。
SourceFile\partical.cpp(120): warning C4244: '+=': 'double' から 'FLOAT' への変換です。データが失われる可能性があります。
SourceFile\partical.cpp(121): warning C4244: '+=': 'double' から 'FLOAT' への変換です。データが失われる可能性があります。
SourceFile\partical.cpp(135): warning C4244: '-=': 'float' から 'int' への変換です。データが失われる可能性があります。
SourceFile\partical.cpp(270): warning C4244: '=': 'float' から 'int' への変換です。データが失われる可能性があります。
SourceFile\partical.cpp(272): warning C4244: '=': 'int' から 'float' への変換です。データが失われる可能性があります。
  particalCenter.cpp
SourceFile\particalCenter.cpp(61): warning C4305: '=': 'double' から 'float' へ切り詰めます。
SourceFile\particalCenter.cpp(62): warning C4305: '=': 'double' から 'float' へ切り詰めます。
SourceFile\particalCenter.cpp(334): warning C4244: '初期化中': 'double' から 'float' への変換です。データが失われる可能性があります。
SourceFile\particalCenter.cpp(339): warning C4305: '-=': 'double' から 'float' へ切り詰めます。
SourceFile\particalCenter.cpp(345): warning C4305: '+=': 'double' から 'float' へ切り詰めます。
SourceFile\particalCenter.cpp(351): warning C4305: '=': 'double' から 'float' へ切り詰めます。
SourceFile\particalCenter.cpp(356): warning C4305: '=': 'double' から 'float' へ切り詰めます。
SourceFile\particalCenter.cpp(362): warning C4305: '+=': 'double' から 'float' へ切り詰めます。
SourceFile\particalCenter.cpp(368): warning C4305: '-=': 'double' から 'float' へ切り詰めます。
SourceFile\particalCenter.cpp(374): warning C4305: '=': 'double' から 'float' へ切り詰めます。
SourceFile\particalCenter.cpp(379): warning C4305: '=': 'double' から 'float' へ切り詰めます。
SourceFile\particalCenter.cpp(410): warning C4305: '+=': 'double' から 'float' へ切り詰めます。
SourceFile\particalCenter.cpp(415): warning C4305: '-=': 'double' から 'float' へ切り詰めます。
SourceFile\particalCenter.cpp(421): warning C4305: '=': 'double' から 'float' へ切り詰めます。
SourceFile\particalCenter.cpp(426): warning C4305: '=': 'double' から 'float' へ切り詰めます。
SourceFile\particalCenter.cpp(432): warning C4305: '+=': 'double' から 'float' へ切り詰めます。
SourceFile\particalCenter.cpp(437): warning C4305: '-=': 'double' から 'float' へ切り詰めます。
SourceFile\particalCenter.cpp(448): warning C4305: '=': 'double' から 'float' へ切り詰めます。
SourceFile\particalCenter.cpp(456): warning C4305: '+=': 'double' から 'float' へ切り詰めます。
SourceFile\particalCenter.cpp(461): warning C4305: '-=': 'double' から 'float' へ切り詰めます。
SourceFile\particalCenter.cpp(472): warning C4305: '=': 'double' から 'float' へ切り詰めます。
SourceFile\particalCenter.cpp(483): warning C4244: '=': 'double' から 'float' への変換です。データが失われる可能性があります。
SourceFile\particalCenter.cpp(484): warning C4244: '=': 'double' から 'FLOAT' への変換です。データが失われる可能性があります。
SourceFile\particalCenter.cpp(485): warning C4244: '=': 'double' から 'FLOAT' への変換です。データが失われる可能性があります。
SourceFile\particalCenter.cpp(488): warning C4244: '引数': 'double' から 'float' への変換です。データが失われる可能性があります。
SourceFile\particalCenter.cpp(489): warning C4244: '引数': 'double' から 'float' への変換です。データが失われる可能性があります。
SourceFile\particalCenter.cpp(516): warning C4244: '=': 'double' から 'float' への変換です。データが失われる可能性があります。
SourceFile\particalCenter.cpp(517): warning C4244: '=': 'double' から 'FLOAT' への変換です。データが失われる可能性があります。
SourceFile\particalCenter.cpp(518): warning C4244: '=': 'double' から 'FLOAT' への変換です。データが失われる可能性があります。
SourceFile\particalCenter.cpp(520): warning C4244: '=': 'double' から 'FLOAT' への変換です。データが失われる可能性があります。
SourceFile\particalCenter.cpp(521): warning C4244: '=': 'double' から 'FLOAT' への変換です。データが失われる可能性があります。
SourceFile\particalCenter.cpp(524): warning C4244: '引数': 'double' から 'float' への変換です。データが失われる可能性があります。
SourceFile\particalCenter.cpp(525): warning C4244: '引数': 'double' から 'float' への変換です。データが失われる可能性があります。
SourceFile\particalCenter.cpp(526): warning C4244: '引数': 'double' から 'float' への変換です。データが失われる可能性があります。
SourceFile\particalCenter.cpp(554): warning C4305: '=': 'double' から 'float' へ切り詰めます。
SourceFile\particalCenter.cpp(555): warning C4305: '=': 'double' から 'float' へ切り詰めます。
  particalEffect.cpp
SourceFile\particalEffect.cpp(66): warning C4244: '=': 'int' から 'float' への変換です。データが失われる可能性があります。
SourceFile\particalEffect.cpp(117): warning C4244: '+=': 'double' から 'FLOAT' への変換です。データが失われる可能性があります。
SourceFile\particalEffect.cpp(118): warning C4244: '+=': 'double' から 'FLOAT' への変換です。データが失われる可能性があります。
SourceFile\particalEffect.cpp(131): warning C4244: '-=': 'float' から 'int' への変換です。データが失われる可能性があります。
SourceFile\particalEffect.cpp(270): warning C4244: '=': 'int' から 'float' への変換です。データが失われる可能性があります。
  player.cpp
SourceFile\player.cpp(72): warning C4305: '=': 'double' から 'float' へ切り詰めます。
SourceFile\player.cpp(84): warning C4305: '=': 'double' から 'float' へ切り詰めます。
SourceFile\player.cpp(186): warning C4244: '初期化中': 'double' から 'float' への変換です。データが失われる可能性があります。
SourceFile\player.cpp(196): warning C4244: '初期化中': 'int' から 'float' への変換です。データが失われる可能性があります。
SourceFile\player.cpp(197): warning C4244: '初期化中': 'double' から 'float' への変換です。データが失われる可能性があります。
SourceFile\player.cpp(216): warning C4244: '初期化中': 'int' から 'float' への変換です。データが失われる可能性があります。
SourceFile\player.cpp(217): warning C4244: '初期化中': 'double' から 'float' への変換です。データが失われる可能性があります。
SourceFile\player.cpp(230): warning C4305: '-=': 'double' から 'float' へ切り詰めます。
SourceFile\player.cpp(235): warning C4305: '+=': 'double' から 'float' へ切り詰めます。
SourceFile\player.cpp(269): warning C4244: '=': 'double' から 'float' への変換です。データが失われる可能性があります。
SourceFile\player.cpp(545): warning C4244: '引数': 'double' から 'float' への変換です。データが失われる可能性があります。
SourceFile\player.cpp(656): warning C4244: '引数': 'int' から 'FLOAT' への変換です。データが失われる可能性があります。
SourceFile\player.cpp(657): warning C4244: '引数': 'int' から 'FLOAT' への変換です。データが失われる可能性があります。
SourceFile\player.cpp(658): warning C4244: '引数': 'int' から 'FLOAT' への変換です。データが失われる可能性があります。
SourceFile\player.cpp(659): warning C4244: '引数': 'int' から 'FLOAT' への変換です。データが失われる可能性があります。
SourceFile\player.cpp(794): warning C4244: '引数': 'double' から 'FLOAT' への変換です。データが失われる可能性があります。
SourceFile\player.cpp(795): warning C4244: '引数': 'double' から 'FLOAT' への変換です。データが失われる可能性があります。
SourceFile\player.cpp(796): warning C4244: '引数': 'double' から 'FLOAT' への変換です。データが失われる可能性があります。
SourceFile\player.cpp(797): warning C4244: '引数': 'double' から 'FLOAT' への変換です。データが失われる可能性があります。
SourceFile\player.cpp(892): warning C4244: '引数': 'double' から 'float' への変換です。データが失われる可能性があります。
  result.cpp
SourceFile\result.cpp(167): warning C4244: '引数': 'double' から 'FLOAT' への変換です。データが失われる可能性があります。
SourceFile\result.cpp(168): warning C4244: '引数': 'double' から 'FLOAT' への変換です。データが失われる可能性があります。
SourceFile\result.cpp(169): warning C4244: '引数': 'double' から 'FLOAT' への変換です。データが失われる可能性があります。
SourceFile\result.cpp(170): warning C4244: '引数': 'double' から 'FLOAT' への変換です。データが失われる可能性があります。
  score.cpp
SourceFile\score.cpp(52): warning C4244: '引数': 'int' から 'FLOAT' への変換です。データが失われる可能性があります。
SourceFile\score.cpp(53): warning C4244: '引数': 'int' から 'FLOAT' への変換です。データが失われる可能性があります。
SourceFile\score.cpp(54): warning C4244: '引数': 'int' から 'FLOAT' への変換です。データが失われる可能性があります。
SourceFile\score.cpp(55): warning C4244: '引数': 'int' から 'FLOAT' への変換です。データが失われる可能性があります。
SourceFile\score.cpp(97): warning C4244: '引数': 'int' から 'FLOAT' への変換です。データが失われる可能性があります。
SourceFile\score.cpp(98): warning C4244: '引数': 'int' から 'FLOAT' への変換です。データが失われる可能性があります。
SourceFile\score.cpp(99): warning C4244: '引数': 'int' から 'FLOAT' への変換です。データが失われる可能性があります。
SourceFile\score.cpp(100): warning C4244: '引数': 'int' から 'FLOAT' への変換です。データが失われる可能性があります。
SourceFile\score.cpp(113): warning C4244: '引数': 'double' から 'FLOAT' への変換です。データが失われる可能性があります。
SourceFile\score.cpp(114): warning C4244: '引数': 'double' から 'FLOAT' への変換です。データが失われる可能性があります。
SourceFile\score.cpp(115): warning C4244: '引数': 'double' から 'FLOAT' への変換です。データが失われる可能性があります。
SourceFile\score.cpp(116): warning C4244: '引数': 'double' から 'FLOAT' への変換です。データが失われる可能性があります。
  sound.cpp
  stage01.cpp
SourceFile\stage01.cpp(203): warning C4305: '引数': 'double' から 'float' へ切り詰めます。
SourceFile\stage01.cpp(218): warning C4305: '引数': 'double' から 'float' へ切り詰めます。
SourceFile\stage01.cpp(261): warning C4305: '引数': 'double' から 'float' へ切り詰めます。
SourceFile\stage01.cpp(276): warning C4305: '引数': 'double' から 'float' へ切り詰めます。
SourceFile\stage01.cpp(318): warning C4305: '引数': 'double' から 'float' へ切り詰めます。
SourceFile\stage01.cpp(333): warning C4305: '引数': 'double' から 'float' へ切り詰めます。
SourceFile\stage01.cpp(334): warning C4305: '引数': 'double' から 'float' へ切り詰めます。
SourceFile\stage01.cpp(410): warning C4305: '引数': 'double' から 'float' へ切り詰めます。
SourceFile\stage01.cpp(411): warning C4305: '引数': 'double' から 'float' へ切り詰めます。
SourceFile\stage01.cpp(426): warning C4305: '引数': 'double' から 'float' へ切り詰めます。
SourceFile\stage01.cpp(469): warning C4305: '引数': 'double' から 'float' へ切り詰めます。
SourceFile\stage01.cpp(470): warning C4305: '引数': 'double' から 'float' へ切り詰めます。
SourceFile\stage01.cpp(485): warning C4305: '引数': 'double' から 'float' へ切り詰めます。
SourceFile\stage01.cpp(527): warning C4305: '引数': 'double' から 'float' へ切り詰めます。
SourceFile\stage01.cpp(528): warning C4305: '引数': 'double' から 'float' へ切り詰めます。
SourceFile\stage01.cpp(543): warning C4305: '引数': 'double' から 'float' へ切り詰めます。
SourceFile\stage01.cpp(584): warning C4305: '引数': 'double' から 'float' へ切り詰めます。
SourceFile\stage01.cpp(585): warning C4305: '引数': 'double' から 'float' へ切り詰めます。
SourceFile\stage01.cpp(600): warning C4305: '引数': 'double' から 'float' へ切り詰めます。
SourceFile\stage01.cpp(601): warning C4305: '引数': 'double' から 'float' へ切り詰めます。
SourceFile\stage01.cpp(828): warning C4305: '引数': 'double' から 'float' へ切り詰めます。
SourceFile\stage01.cpp(829): warning C4305: '引数': 'double' から 'float' へ切り詰めます。
SourceFile\stage01.cpp(830): warning C4305: '引数': 'double' から 'float' へ切り詰めます。
SourceFile\stage01.cpp(831): warning C4305: '引数': 'double' から 'float' へ切り詰めます。
SourceFile\stage01.cpp(841): warning C4305: '引数': 'double' から 'float' へ切り詰めます。
SourceFile\stage01.cpp(842): warning C4305: '引数': 'double' から 'float' へ切り詰めます。
SourceFile\stage01.cpp(852): warning C4305: '引数': 'double' から 'float' へ切り詰めます。
SourceFile\stage01.cpp(853): warning C4305: '引数': 'double' から 'float' へ切り詰めます。
SourceFile\stage01.cpp(863): warning C4305: '引数': 'double' から 'float' へ切り詰めます。
SourceFile\stage01.cpp(864): warning C4305: '引数': 'double' から 'float' へ切り詰めます。
SourceFile\stage01.cpp(865): warning C4305: '引数': 'double' から 'float' へ切り詰めます。
SourceFile\stage01.cpp(875): warning C4305: '引数': 'double' から 'float' へ切り詰めます。
SourceFile\stage01.cpp(876): warning C4305: '引数': 'double' から 'float' へ切り詰めます。
SourceFile\stage01.cpp(877): warning C4305: '引数': 'double' から 'float' へ切り詰めます。
  コンパイル中...
  title.cpp
  tutorial.cpp
SourceFile\tutorial.cpp(124): warning C4244: '=': 'float' から 'int' への変換です。データが失われる可能性があります。
  コード生成しています。
  0 of 200 functions ( 0.0%) were compiled, the rest were copied from previous compilation.
    0 functions were new in current compilation
    0 functions had inline decision re-evaluated but remain unchanged
  コード生成が終了しました。
  runningman01.vcxproj -> C:\Users\weiqi\Documents\SecondYearWorks\kuruma\project\\runningman01_Release.exe
  runningman01.vcxproj -> C:\Users\weiqi\Documents\SecondYearWorks\kuruma\project\\runningman01_Release.pdb (Full PDB)
